<?xml version="1.0" encoding="UTF-8"?>
<!-- Generated by org.testng.reporters.JUnitReportReporter -->
<testsuite hostname="HP" failures="0" tests="1" name="demo.DemoTest" time="0.041" errors="0" timestamp="2022-11-21T09:42:26 IST" skipped="0">
  <testcase classname="demo.DemoTest" name="demo" time="0.041"/>
  <system-out/>
</testsuite> <!-- demo.DemoTest -->
