<?xml version="1.0" encoding="UTF-8"?>
<!-- Generated by org.testng.reporters.JUnitReportReporter -->
<testsuite hostname="HP" failures="0" tests="1" name="demo.BranchPractice" time="0.029" errors="0" timestamp="2022-11-22T11:18:00 IST" skipped="0">
  <testcase classname="demo.BranchPractice" name="branchPractice" time="0.029"/>
  <system-out/>
</testsuite> <!-- demo.BranchPractice -->
