<?xml version="1.0" encoding="UTF-8"?>
<!-- Generated by org.testng.reporters.JUnitReportReporter -->
<testsuite hostname="HP" failures="0" tests="2" name="demo.SampleTestNG" time="0.031" errors="0" timestamp="2022-11-21T11:11:00 IST" skipped="0">
  <testcase classname="demo.SampleTestNG" name="createUser" time="0.027"/>
  <system-out/>
  <testcase classname="demo.SampleTestNG" name="moodifyUser" time="0.004"/>
  <system-out/>
</testsuite> <!-- demo.SampleTestNG -->
