<?xml version="1.0" encoding="UTF-8"?>
<!-- Generated by org.testng.reporters.JUnitReportReporter -->
<testsuite hostname="HP" failures="0" tests="1" name="demo.SampleTest" time="0.017" errors="0" timestamp="2022-11-21T10:41:48 IST" skipped="0">
  <testcase classname="demo.SampleTest" name="sampleDemo" time="0.017"/>
  <system-out/>
</testsuite> <!-- demo.SampleTest -->
